[2025-05-22 20:28:09] Usuário: admin
Ação: Login realizado
Detalhes: Usuário: admin
--------------------------------------------------
[2025-05-22 20:29:54] Usuário: admin
Ação: Login realizado
Detalhes: Usuário: admin
--------------------------------------------------
[2025-05-22 20:30:12] Usuário: admin
Ação: Logout
Detalhes: Usuário: admin
--------------------------------------------------
[2025-05-22 20:30:19] Usuário: davi
Ação: Login realizado
Detalhes: Usuário: davi
--------------------------------------------------
[2025-05-22 20:32:07] Usuário: admin
Ação: Login realizado
Detalhes: Usuário: admin
--------------------------------------------------
[2025-05-22 20:34:22] Usuário: admin
Ação: Login realizado
Detalhes: Usuário: admin
--------------------------------------------------
[2025-05-22 21:09:55] Usuário: davi
Ação: Login realizado
Detalhes: Usuário: davi
--------------------------------------------------
[2025-05-22 21:14:00] Usuário: davi
Ação: Login realizado
Detalhes: Usuário: davi
--------------------------------------------------
[2025-05-22 21:14:39] Usuário: davi
Ação: Logout
Detalhes: Usuário: davi
--------------------------------------------------
[2025-05-22 21:14:46] Usuário: admin
Ação: Login realizado
Detalhes: Usuário: admin
--------------------------------------------------
[2025-05-22 21:22:37] Usuário: davi
Ação: Login realizado
Detalhes: Usuário: davi
--------------------------------------------------
[2025-05-22 21:28:02] Usuário: davi
Ação: Login realizado
Detalhes: Usuário: davi
--------------------------------------------------
[2025-05-22 21:28:44] Usuário: davi
Ação: Logout
Detalhes: Usuário: davi
--------------------------------------------------
[2025-05-22 21:28:52] Usuário: admin
Ação: Login realizado
Detalhes: Usuário: admin
--------------------------------------------------
[2025-05-22 21:30:46] Usuário: admin
Ação: Login realizado
Detalhes: Usuário: admin
--------------------------------------------------
[2025-05-22 21:45:18] Usuário: SISTEMA
Ação: Cadastro de ALUNO
Detalhes: Usuário: teste
--------------------------------------------------
[2025-05-22 21:45:25] Usuário: teste
Ação: Login realizado
Detalhes: Usuário: teste
--------------------------------------------------
[2025-05-22 21:49:46] Usuário: admin
Ação: Login realizado
Detalhes: Usuário: admin
--------------------------------------------------
[2025-05-22 21:55:43] Usuário: davi
Ação: Login realizado
Detalhes: Usuário: davi
--------------------------------------------------
[2025-05-22 22:00:04] Usuário: davi
Ação: Login realizado
Detalhes: Usuário: davi
--------------------------------------------------
[2025-05-22 22:01:23] Usuário: admin
Ação: Login realizado
Detalhes: Usuário: admin
--------------------------------------------------
[2025-05-22 22:02:21] Usuário: admin
Ação: Usuário deletado por ADM
Detalhes: Usuário: teste | Por: admin
--------------------------------------------------
[2025-05-22 23:45:48] Usuário: admin
Ação: Login realizado
Detalhes: Usuário: admin
--------------------------------------------------
[2025-05-22 23:54:40] Usuário: SISTEMA
Ação: Cadastro de ALUNO
Detalhes: Usuário: teste
--------------------------------------------------
[2025-05-22 23:55:31] Usuário: teste
Ação: Login realizado
Detalhes: Usuário: teste
--------------------------------------------------
[2025-05-22 23:56:23] Usuário: teste
Ação: Logout
Detalhes: Usuário: teste
--------------------------------------------------
[2025-05-22 23:56:40] Usuário: admin
Ação: Login realizado
Detalhes: Usuário: admin
--------------------------------------------------
[2025-05-23 00:00:11] Usuário: admin
Ação: Usuário deletado por ADM
Detalhes: Usuário: teste | Por: admin
--------------------------------------------------
[2025-05-23 15:12:07] Usuário: admin
Ação: Login realizado
Detalhes: Usuário: admin
--------------------------------------------------
[2025-05-23 15:50:27] Usuário: admin
Ação: Login realizado
Detalhes: Usuário: admin
--------------------------------------------------
[2025-05-23 15:50:58] Usuário: admin
Ação: Logout
Detalhes: Usuário: admin
--------------------------------------------------
[2025-05-23 15:51:03] Usuário: davi
Ação: Login realizado
Detalhes: Usuário: davi
--------------------------------------------------
[2025-05-23 16:18:18] Usuário: admin
Ação: Login realizado
Detalhes: Usuário: admin
--------------------------------------------------
[2025-05-23 16:23:27] Usuário: admin
Ação: Login realizado
Detalhes: Usuário: admin
--------------------------------------------------
[2025-05-23 16:26:59] Usuário: admin
Ação: Logout
Detalhes: Usuário: admin
--------------------------------------------------
[2025-05-23 16:28:29] Usuário: davi
Ação: Login realizado
Detalhes: Usuário: davi
--------------------------------------------------
[2025-05-23 16:29:18] Usuário: davi
Ação: Logout
Detalhes: Usuário: davi
--------------------------------------------------
[2025-05-23 16:29:38] Usuário: admin
Ação: Login realizado
Detalhes: Usuário: admin
--------------------------------------------------
[2025-05-23 16:32:37] Usuário: admin
Ação: Login realizado
Detalhes: Usuário: admin
--------------------------------------------------
[2025-05-23 16:34:02] Usuário: admin
Ação: Login realizado
Detalhes: Usuário: admin
--------------------------------------------------
